#
# There is insufficient memory for the Java Runtime Environment to continue.
# Native memory allocation (mmap) failed to map 264241152 bytes for Failed to commit area from 0x0000000704e00000 to 0x0000000714a00000 of length 264241152.
# Possible reasons:
#   The system is out of physical RAM or swap space
#   The process is running with CompressedOops enabled, and the Java Heap may be blocking the growth of the native heap
# Possible solutions:
#   Reduce memory load on the system
#   Increase physical memory or swap space
#   Check if swap backing store is full
#   Decrease Java heap size (-Xmx/-Xms)
#   Decrease number of Java threads
#   Decrease Java thread stack sizes (-Xss)
#   Set larger code cache with -XX:ReservedCodeCacheSize=
# This output file may be truncated or incomplete.
#
#  Out of Memory Error (./open/src/hotspot/os/windows/os_windows.cpp:3271), pid=26184, tid=14832
#
# JRE version:  (11.0.7+8) (build )
# Java VM: Java HotSpot(TM) 64-Bit Server VM (11.0.7+8-LTS, mixed mode, sharing, tiered, compressed oops, g1 gc, windows-amd64)
# No core dump will be written. Minidumps are not enabled by default on client versions of Windows
#

---------------  S U M M A R Y ------------

Command Line: -agentpath:C:\Program Files\Palo Alto Networks\Traps\cyjagent.dll org.jetbrains.kotlin.cli.jvm.K2JVMCompiler @C:\Users\PoornimaG.LOLCSERVER\AndroidStudioProjects\mad-business-android-app\app\build\20230430_15730054771261123537.compiler.options

Host: 11th Gen Intel(R) Core(TM) i5-1135G7 @ 2.40GHz, 8 cores, 15G,  Windows 10 , 64 bit Build 19041 (10.0.19041.2788)
Time: Sun Apr 30 04:51:23 2023 Sri Lanka Standard Time elapsed time: 0 seconds (0d 0h 0m 0s)

---------------  T H R E A D  ---------------

Current thread (0x000001fb721d1000):  JavaThread "Unknown thread" [_thread_in_vm, id=14832, stack(0x0000007a3b100000,0x0000007a3b200000)]

Stack: [0x0000007a3b100000,0x0000007a3b200000]
Native frames: (J=compiled Java code, j=interpreted, Vv=VM code, C=native code)
V  [jvm.dll+0x661a7a]
V  [jvm.dll+0x7a1b2f]
V  [jvm.dll+0x7a31d5]
V  [jvm.dll+0x7a3843]
V  [jvm.dll+0x25f1a8]
V  [jvm.dll+0x65ee8a]
V  [jvm.dll+0x653865]
V  [jvm.dll+0x316adc]
V  [jvm.dll+0x316962]
V  [jvm.dll+0x31c1d6]
V  [jvm.dll+0x3688af]
V  [jvm.dll+0x3682d0]
V  [jvm.dll+0x2f3888]
V  [jvm.dll+0x2f49e6]
V  [jvm.dll+0x77ac57]
V  [jvm.dll+0x77c52f]
V  [jvm.dll+0x3755a9]
V  [jvm.dll+0x75fe6e]
V  [jvm.dll+0x3e5b7d]
V  [jvm.dll+0x3e8091]
C  [cyvrtrap.dll+0xe033]
C  [java.exe+0x3607]
C  [java.exe+0x178dc]
C  [cyinjct.dll+0x11e7]
C  [KERNEL32.DLL+0x17604]
C  [ntdll.dll+0x526a1]


---------------  P R O C E S S  ---------------

Threads class SMR info:
_java_thread_list=0x000001fb71efc3b0, length=0, elements={
}

Java Threads: ( => current thread )

Other Threads:
  0x000001fb721e8000 GCTaskThread "GC Thread#0" [stack: 0x0000007a3b200000,0x0000007a3b300000] [id=28564]
  0x000001fb72241800 ConcurrentGCThread "G1 Main Marker" [stack: 0x0000007a3b300000,0x0000007a3b400000] [id=23028]
  0x000001fb72242800 ConcurrentGCThread "G1 Conc#0" [stack: 0x0000007a3b400000,0x0000007a3b500000] [id=21752]

[error occurred during error reporting (printing all threads), id 0xc0000005, EXCEPTION_ACCESS_VIOLATION (0xc0000005) at pc=0x00007ffd2bc02047]

VM state:not at safepoint (not fully initialized)

VM Mutex/Monitor currently owned by a thread:  ([mutex/lock_event])
[0x000001fb721cd860] Heap_lock - owner thread: 0x000001fb721d1000

Heap address: 0x0000000704e00000, size: 4018 MB, Compressed Oops mode: Non-zero based: 0x0000000704e00000
Narrow klass base: 0x0000000000000000, Narrow klass shift: 0

GC Heap History (0 events):
No events

Deoptimization events (0 events):
No events

Classes redefined (0 events):
No events

Internal exceptions (0 events):
No events

Events (0 events):
No events


Dynamic libraries:
0x00007ff670690000 - 0x00007ff6706d7000 	D:\Java\jdk-11.0.7\bin\java.exe
0x00007ffd99010000 - 0x00007ffd99208000 	C:\WINDOWS\SYSTEM32\ntdll.dll
0x00007ffd98d70000 - 0x00007ffd98e2f000 	C:\WINDOWS\System32\KERNEL32.DLL
0x00007ffd98a90000 - 0x00007ffd98d6a000 	C:\WINDOWS\System32\KERNELBASE.dll
0x0000000035420000 - 0x000000003545b000 	C:\WINDOWS\System32\cyinjct.dll
0x00007ffd98910000 - 0x00007ffd9891c000 	C:\WINDOWS\System32\ntnativeapi.dll
0x00007ffd988f0000 - 0x00007ffd9890e000 	C:\WINDOWS\System32\cyvera.dll
0x00007ffd98880000 - 0x00007ffd988e8000 	C:\WINDOWS\System32\cyvrtrap.dll
0x00007ffd96c70000 - 0x00007ffd96d1e000 	C:\WINDOWS\System32\ADVAPI32.dll
0x00007ffd96ef0000 - 0x00007ffd96f8e000 	C:\WINDOWS\System32\msvcrt.dll
0x00007ffd97000000 - 0x00007ffd9709c000 	C:\WINDOWS\System32\sechost.dll
0x00007ffd98960000 - 0x00007ffd98a86000 	C:\WINDOWS\System32\RPCRT4.dll
0x00007ffd98e30000 - 0x00007ffd98fcd000 	C:\WINDOWS\System32\USER32.dll
0x00007ffd96910000 - 0x00007ffd96932000 	C:\WINDOWS\System32\win32u.dll
0x00007ffd97300000 - 0x00007ffd9732b000 	C:\WINDOWS\System32\GDI32.dll
0x00007ffd96800000 - 0x00007ffd96910000 	C:\WINDOWS\System32\gdi32full.dll
0x00007ffd96aa0000 - 0x00007ffd96b3d000 	C:\WINDOWS\System32\msvcp_win.dll
0x00007ffd96700000 - 0x00007ffd96800000 	C:\WINDOWS\System32\ucrtbase.dll
0x00007ffd789d0000 - 0x00007ffd78c6a000 	C:\WINDOWS\WinSxS\amd64_microsoft.windows.common-controls_6595b64144ccf1df_6.0.19041.1110_none_60b5254171f9507e\COMCTL32.dll
0x00007ffd8b7c0000 - 0x00007ffd8b7ca000 	C:\WINDOWS\SYSTEM32\VERSION.dll
0x00007ffd98650000 - 0x00007ffd98680000 	C:\WINDOWS\System32\IMM32.DLL
0x00007ffd5d0b0000 - 0x00007ffd5d0c6000 	D:\Java\jdk-11.0.7\bin\vcruntime140.dll
0x00007ffd32e50000 - 0x00007ffd32efa000 	D:\Java\jdk-11.0.7\bin\msvcp140.dll
0x00007ffd2b900000 - 0x00007ffd2c461000 	D:\Java\jdk-11.0.7\bin\server\jvm.dll
0x00007ffd98700000 - 0x00007ffd98708000 	C:\WINDOWS\System32\PSAPI.DLL
0x00007ffd6b9e0000 - 0x00007ffd6b9e9000 	C:\WINDOWS\SYSTEM32\WSOCK32.dll
0x00007ffd96f90000 - 0x00007ffd96ffb000 	C:\WINDOWS\System32\WS2_32.dll
0x00007ffd6b790000 - 0x00007ffd6b7b7000 	C:\WINDOWS\SYSTEM32\WINMM.dll
0x00007ffd94ce0000 - 0x00007ffd94cf2000 	C:\WINDOWS\SYSTEM32\kernel.appcore.dll
0x00007ffd5ba40000 - 0x00007ffd5ba51000 	D:\Java\jdk-11.0.7\bin\verify.dll
0x00007ffd94a60000 - 0x00007ffd94c44000 	C:\WINDOWS\SYSTEM32\DBGHELP.DLL
0x00007ffd67e10000 - 0x00007ffd67e44000 	C:\WINDOWS\SYSTEM32\dbgcore.DLL
0x00007ffd96600000 - 0x00007ffd96682000 	C:\WINDOWS\System32\bcryptPrimitives.dll
0x00007ffd5b400000 - 0x00007ffd5b429000 	D:\Java\jdk-11.0.7\bin\java.dll
0x00007ffd89b60000 - 0x00007ffd89b6a000 	D:\Java\jdk-11.0.7\bin\jimage.dll
0x00007ffd98840000 - 0x00007ffd98877000 	C:\Program Files\Palo Alto Networks\Traps\cyjagent.dll
0x00007ffd55c60000 - 0x00007ffd55c76000 	D:\Java\jdk-11.0.7\bin\zip.dll

dbghelp: loaded successfully - version: 4.0.5 - missing functions: none
symbol engine: initialized successfully - sym options: 0x614 - pdb path: .;D:\Java\jdk-11.0.7\bin;C:\WINDOWS\SYSTEM32;C:\WINDOWS\WinSxS\amd64_microsoft.windows.common-controls_6595b64144ccf1df_6.0.19041.1110_none_60b5254171f9507e;D:\Java\jdk-11.0.7\bin\server;C:\Program Files\Palo Alto Networks\Traps

VM Arguments:
jvm_args: -agentpath:C:\Program Files\Palo Alto Networks\Traps\cyjagent.dll 
java_command: org.jetbrains.kotlin.cli.jvm.K2JVMCompiler @C:\Users\PoornimaG.LOLCSERVER\AndroidStudioProjects\mad-business-android-app\app\build\20230430_15730054771261123537.compiler.options
java_class_path (initial): C:\Users\PoornimaG.LOLCSERVER\.gradle\caches\modules-2\files-2.1\org.jetbrains.kotlin\kotlin-compiler-embeddable\1.8.0\eb9118d4bcceaa2a94b2ae2a33a4ddba7c9a947f\kotlin-compiler-embeddable-1.8.0.jar;C:\Users\PoornimaG.LOLCSERVER\.gradle\caches\modules-2\files-2.1\org.jetbrains.kotlin\kotlin-stdlib\1.8.0\1796921c7a3e2e2665a83e6c8d33399336cd39bc\kotlin-stdlib-1.8.0.jar;C:\Users\PoornimaG.LOLCSERVER\.gradle\caches\modules-2\files-2.1\org.jetbrains.kotlin\kotlin-script-runtime\1.8.0\b2f7e760d283cb339974851c222a4c1d48f2d3d\kotlin-script-runtime-1.8.0.jar;C:\Users\PoornimaG.LOLCSERVER\.gradle\caches\modules-2\files-2.1\org.jetbrains.kotlin\kotlin-reflect\1.6.10\1cbe9c92c12a94eea200d23c2bbaedaf3daf5132\kotlin-reflect-1.6.10.jar;C:\Users\PoornimaG.LOLCSERVER\.gradle\caches\modules-2\files-2.1\org.jetbrains.kotlin\kotlin-daemon-embeddable\1.8.0\d255216c551685dc3a7e852b53617f5f01aaaa5c\kotlin-daemon-embeddable-1.8.0.jar;C:\Users\PoornimaG.LOLCSERVER\.gradle\caches\modules-2\files-2.1\org.jetbrains.intellij.deps\trove4j\1.0.20200330\3afb14d5f9ceb459d724e907a21145e8ff394f02\trove4j-1.0.20200330.jar;C:\Users\PoornimaG.LOLCSERVER\.gradle\caches\modules-2\files-2.1\net.java.dev.jna\jna\5.6.0\330f2244e9030119ab3030fc3fededc86713d9cc\jna-5.6.0.jar;C:\Users\PoornimaG.LOLCSERVER\.gradle\caches\modules-2\files-2.1\org.jetbrains.kotlin\kotlin-stdlib-common\1.8.0\f7197e7cc76453ac59f8b0f8d5137cc600becd36\kotlin-stdlib-common-1.8.0.jar;C:\Users\PoornimaG.LOLCSERVER\.gradle\caches\modules-2\files-2.1\org.jetbrains\annotations\13.0\919f0dfe192fb4e063e7dacadee7f8bb9a2672a9\annotations-13.0.jar
Launcher Type: SUN_STANDARD

[Global flags]
     intx CICompilerCount                          = 4                                         {product} {ergonomic}
     uint ConcGCThreads                            = 2                                         {product} {ergonomic}
     uint G1ConcRefinementThreads                  = 8                                         {product} {ergonomic}
   size_t G1HeapRegionSize                         = 1048576                                   {product} {ergonomic}
    uintx GCDrainStackTargetSize                   = 64                                        {product} {ergonomic}
   size_t InitialHeapSize                          = 264241152                                 {product} {ergonomic}
   size_t MarkStackSize                            = 4194304                                   {product} {ergonomic}
   size_t MaxHeapSize                              = 4213178368                                {product} {ergonomic}
   size_t MinHeapDeltaBytes                        = 1048576                                   {product} {ergonomic}
    uintx NonNMethodCodeHeapSize                   = 5836300                                {pd product} {ergonomic}
    uintx NonProfiledCodeHeapSize                  = 122910970                              {pd product} {ergonomic}
    uintx ProfiledCodeHeapSize                     = 122910970                              {pd product} {ergonomic}
    uintx ReservedCodeCacheSize                    = 251658240                              {pd product} {ergonomic}
     bool SegmentedCodeCache                       = true                                      {product} {ergonomic}
     bool UseCompressedClassPointers               = true                                 {lp64_product} {ergonomic}
     bool UseCompressedOops                        = true                                 {lp64_product} {ergonomic}
     bool UseG1GC                                  = true                                      {product} {ergonomic}
     bool UseLargePagesIndividualAllocation        = false                                  {pd product} {ergonomic}

Logging:
Log output configuration:
 #0: stdout all=warning uptime,level,tags
 #1: stderr all=off uptime,level,tags

Environment Variables:
JAVA_HOME=D:\jdk1.6.0_17
PATH=D:\jdk1.6.0_17\bin;D:\DevSuiteHome_1\jdk\jre\bin\classic;D:\DevSuiteHome_1\jdk\jre\bin;D:\DevSuiteHome_1\jdk\jre\bin\client;D:\DevSuiteHome_1\jlib;D:\DevSuiteHome_1\bin;D:\DevSuiteHome_1\jre\1.4.2\bin\client;D:\DevSuiteHome_1\jre\1.4.2\bin;C:\Program Files (x86)\Intel\iCLS Client\;C:\Program Files\Intel\iCLS Client\;C:\WINDOWS\system32;C:\WINDOWS;C:\WINDOWS\System32\Wbem;C:\WINDOWS\System32\WindowsPowerShell\v1.0\;C:\Program Files (x86)\Intel\Intel(R) Management Engine Components\DAL;C:\Program Files\Intel\Intel(R) Management Engine Components\DAL;C:\Program Files (x86)\Intel\Intel(R) Management Engine Components\IPT;C:\Program Files\Intel\Intel(R) Management Engine Components\IPT;C:\Program Files (x86)\Windows Live\Shared;D:\apache-maven-3.0.5\bin;D:\PuTTY\;C:\Program Files\EmEditor;C:\Program Files\TortoiseSVN\bin;D:\DevSuiteHome_1\OPatch\;D:\DevSuiteHome_1\perl\5.6.1\bin\MSWin32-x86\;D:\jdk1.6.0_17\jre;;C:\WINDOWS\System32\OpenSSH\;C:\Program Files\Intel\WiFi\bin\;C:\Program Files\Common Files\Intel\WirelessCommon\;C:\Program Files\nodejs\;C:\Users\PoornimaG.LOLCSERVER\AppData\Local\Microsoft\WindowsApps;C:\Users\PoornimaG.LOLCSERVER\AppData\Local\Programs\Microsoft VS Code\bin;C:\Users\PoornimaG.LOLCSERVER\AppData\Local\Programs\Git\cmd;C:\Users\PoornimaG.LOLCSERVER\AppData\Local\Google\Cloud SDK\google-cloud-sdk\bin;C:\Users\PoornimaG.LOLCSERVER\AppData\Roaming\npm
USERNAME=PoornimaG
OS=Windows_NT
PROCESSOR_IDENTIFIER=Intel64 Family 6 Model 140 Stepping 1, GenuineIntel



---------------  S Y S T E M  ---------------

OS: Windows 10 , 64 bit Build 19041 (10.0.19041.2788)

CPU:total 8 (initial active 8) (4 cores per cpu, 2 threads per core) family 6 model 140 stepping 1, cmov, cx8, fxsr, mmx, sse, sse2, sse3, ssse3, sse4.1, sse4.2, popcnt, avx, avx2, aes, clmul, erms, 3dnowpref, lzcnt, ht, tsc, tscinvbit, bmi1, bmi2, adx, evex, sha, fma

Memory: 4k page, system-wide physical 16064M (344M free)
TotalPageFile size 19897M (AvailPageFile size 41M)
current process WorkingSet (physical memory assigned to process): 11M, peak: 11M
current process commit charge ("private bytes"): 63M, peak: 315M

vm_info: Java HotSpot(TM) 64-Bit Server VM (11.0.7+8-LTS) for windows-amd64 JRE (11.0.7+8-LTS), built on Mar 12 2020 02:04:32 by "mach5one" with MS VC++ 15.5 (VS2017)

END.
